[debug] [2019-06-13T16:00:52.674Z] ----------------------------------------------------------------------
[debug] [2019-06-13T16:00:52.676Z] Command:       /usr/bin/node /usr/local/bin/firebase init
[debug] [2019-06-13T16:00:52.676Z] CLI Version:   7.0.0
[debug] [2019-06-13T16:00:52.676Z] Platform:      linux
[debug] [2019-06-13T16:00:52.676Z] Node Version:  v8.10.0
[debug] [2019-06-13T16:00:52.676Z] Time:          Thu Jun 13 2019 18:00:52 GMT+0200 (CEST)
[debug] [2019-06-13T16:00:52.676Z] ----------------------------------------------------------------------
[debug] 
[debug] [2019-06-13T16:00:52.683Z] > command requires scopes: ["email","openid","https://www.googleapis.com/auth/cloudplatformprojects.readonly","https://www.googleapis.com/auth/firebase","https://www.googleapis.com/auth/cloud-platform"]
[debug] [2019-06-13T16:00:52.683Z] > authorizing via signed-in user
[info] 
     ######## #### ########  ######## ########     ###     ######  ########
     ##        ##  ##     ## ##       ##     ##  ##   ##  ##       ##
     ######    ##  ########  ######   ########  #########  ######  ######
     ##        ##  ##    ##  ##       ##     ## ##     ##       ## ##
     ##       #### ##     ## ######## ########  ##     ##  ######  ########

You're about to initialize a Firebase project in this directory:

  /media/sf_Shared_Folder_Ubuntu_Main_18.04.2/Randolf

Before we get started, keep in mind:

  * You are currently outside your home directory

[debug] [2019-06-13T16:01:33.748Z] Error: ETXTBSY: text file is busy, unlink '/media/sf_Shared_Folder_Ubuntu_Main_18.04.2/Randolf/firebase-debug.log'
    at Object.fs.unlinkSync (fs.js:1061:18)
    at process.<anonymous> (/usr/local/lib/node_modules/firebase-tools/lib/bin/firebase.js:68:12)
    at emitOne (events.js:121:20)
    at process.emit (events.js:211:7)
    at processEmit [as emit] (/usr/local/lib/node_modules/firebase-tools/node_modules/signal-exit/index.js:149:35)
