[debug] [2019-06-21T19:11:49.933Z] ----------------------------------------------------------------------
[debug] [2019-06-21T19:11:49.935Z] Command:       /usr/bin/node /usr/local/bin/firebase deploy
[debug] [2019-06-21T19:11:49.935Z] CLI Version:   7.0.0
[debug] [2019-06-21T19:11:49.935Z] Platform:      linux
[debug] [2019-06-21T19:11:49.935Z] Node Version:  v8.10.0
[debug] [2019-06-21T19:11:49.935Z] Time:          Fri Jun 21 2019 21:11:49 GMT+0200 (CEST)
[debug] [2019-06-21T19:11:49.935Z] ----------------------------------------------------------------------
[debug] 
[debug] [2019-06-21T19:11:49.945Z] > command requires scopes: ["email","openid","https://www.googleapis.com/auth/cloudplatformprojects.readonly","https://www.googleapis.com/auth/firebase","https://www.googleapis.com/auth/cloud-platform"]
[debug] [2019-06-21T19:11:49.945Z] > authorizing via signed-in user
[debug] [2019-06-21T19:11:49.945Z] [iam] checking project luana-72d14 for permissions ["firebase.projects.get","firebasehosting.sites.update"]
[debug] [2019-06-21T19:11:49.947Z] >>> HTTP REQUEST POST https://cloudresourcemanager.googleapis.com/v1/projects/luana-72d14:testIamPermissions  

[debug] [2019-06-21T19:11:51.128Z] <<< HTTP RESPONSE 200
[debug] [2019-06-21T19:11:51.130Z] >>> HTTP REQUEST GET https://firebase.googleapis.com/v1beta1/projects/luana-72d14  
 
[debug] [2019-06-21T19:11:51.972Z] <<< HTTP RESPONSE 200
[info] 
[info] === Deploying to 'luana-72d14'...
[info] 
[info] i  deploying hosting
[debug] [2019-06-21T19:11:51.984Z] >>> HTTP REQUEST POST https://firebasehosting.googleapis.com/v1beta1/sites/luana-72d14/versions  

[debug] [2019-06-21T19:11:53.719Z] <<< HTTP RESPONSE 200
[info] i  hosting[luana-72d14]: beginning deploy...
[info] i  hosting[luana-72d14]: found 55 files in public
[debug] [2019-06-21T19:11:53.798Z] [hosting] hash cache [cHVibGlj] load error: lines is not defined
[debug] [2019-06-21T19:11:53.961Z] [hosting] hash cache [cHVibGlj] stored for 55 files
[debug] [2019-06-21T19:11:53.962Z] [hosting][hash queue][FINAL]
[debug] [2019-06-21T19:11:53.962Z] >>> HTTP REQUEST POST https://firebasehosting.googleapis.com/v1beta1/sites/luana-72d14/versions/f499026b15f353a3:populateFiles  
 <request body omitted>
[debug] [2019-06-21T19:11:55.893Z] <<< HTTP RESPONSE 200
[debug] [2019-06-21T19:11:55.896Z] [hosting][populate queue][FINAL]
[debug] [2019-06-21T19:11:55.897Z] [hosting] uploads queued: 0
[debug] [2019-06-21T19:11:55.898Z] [hosting][upload queue][FINAL]
[info] ✔  hosting[luana-72d14]: file upload complete
[debug] [2019-06-21T19:11:55.899Z] [hosting] deploy completed after 2177ms
[debug] [2019-06-21T19:11:55.901Z] [
  {
    "config": {
      "public": "public",
      "ignore": [
        "firebase.json",
        "**/.*",
        "**/node_modules/**"
      ],
      "site": "luana-72d14"
    },
    "site": "luana-72d14",
    "version": "sites/luana-72d14/versions/f499026b15f353a3"
  }
]
[info] i  hosting[luana-72d14]: finalizing version...
[debug] [2019-06-21T19:11:55.902Z] >>> HTTP REQUEST PATCH https://firebasehosting.googleapis.com/v1beta1/sites/luana-72d14/versions/f499026b15f353a3?updateMask=status  

[debug] [2019-06-21T19:11:57.048Z] <<< HTTP RESPONSE 200
[debug] [2019-06-21T19:11:57.049Z] [hosting] finalized version for luana-72d14:
[info] ✔  hosting[luana-72d14]: version finalized
[info] i  hosting[luana-72d14]: releasing new version...
[debug] [2019-06-21T19:11:57.050Z] >>> HTTP REQUEST POST https://firebasehosting.googleapis.com/v1beta1/sites/luana-72d14/releases?version_name=sites/luana-72d14/versions/f499026b15f353a3  

[debug] [2019-06-21T19:11:58.174Z] <<< HTTP RESPONSE 200
[debug] [2019-06-21T19:11:58.177Z] [hosting] release:
[info] ✔  hosting[luana-72d14]: release complete
[info] 
[info] ✔  Deploy complete!
[info] 
[info] Project Console: https://console.firebase.google.com/project/luana-72d14/overview
[info] Hosting URL: https://luana-72d14.firebaseapp.com
[debug] [2019-06-21T19:11:58.189Z] Error: ETXTBSY: text file is busy, unlink '/media/sf_Shared_Folder_Ubuntu_Main_18.04.2/Luana/public/firebase-debug.log'
    at Object.fs.unlinkSync (fs.js:1061:18)
    at process.<anonymous> (/usr/local/lib/node_modules/firebase-tools/lib/bin/firebase.js:68:12)
    at emitOne (events.js:121:20)
    at process.emit (events.js:211:7)
[debug] [2019-06-21T19:12:40.178Z] ----------------------------------------------------------------------
[debug] [2019-06-21T19:12:40.180Z] Command:       /usr/bin/node /usr/local/bin/firebase deploy
[debug] [2019-06-21T19:12:40.180Z] CLI Version:   7.0.0
[debug] [2019-06-21T19:12:40.180Z] Platform:      linux
[debug] [2019-06-21T19:12:40.180Z] Node Version:  v8.10.0
[debug] [2019-06-21T19:12:40.180Z] Time:          Fri Jun 21 2019 21:12:40 GMT+0200 (CEST)
[debug] [2019-06-21T19:12:40.180Z] ----------------------------------------------------------------------
[debug] 
[debug] [2019-06-21T19:12:40.190Z] > command requires scopes: ["email","openid","https://www.googleapis.com/auth/cloudplatformprojects.readonly","https://www.googleapis.com/auth/firebase","https://www.googleapis.com/auth/cloud-platform"]
[debug] [2019-06-21T19:12:40.191Z] > authorizing via signed-in user
[debug] [2019-06-21T19:12:40.191Z] [iam] checking project luana-72d14 for permissions ["firebase.projects.get","firebasehosting.sites.update"]
[debug] [2019-06-21T19:12:40.193Z] >>> HTTP REQUEST POST https://cloudresourcemanager.googleapis.com/v1/projects/luana-72d14:testIamPermissions  

[debug] [2019-06-21T19:12:41.108Z] <<< HTTP RESPONSE 200
[debug] [2019-06-21T19:12:41.112Z] >>> HTTP REQUEST GET https://firebase.googleapis.com/v1beta1/projects/luana-72d14  
 
[debug] [2019-06-21T19:12:41.473Z] <<< HTTP RESPONSE 200
[info] 
[info] === Deploying to 'luana-72d14'...
[info] 
[info] i  deploying hosting
[debug] [2019-06-21T19:12:41.483Z] >>> HTTP REQUEST POST https://firebasehosting.googleapis.com/v1beta1/sites/luana-72d14/versions  

[debug] [2019-06-21T19:12:42.955Z] <<< HTTP RESPONSE 200
[info] i  hosting[luana-72d14]: beginning deploy...
[info] i  hosting[luana-72d14]: found 55 files in public
[debug] [2019-06-21T19:12:43.036Z] [hosting] hash cache [cHVibGlj] load error: lines is not defined
[debug] [2019-06-21T19:12:43.215Z] [hosting] hash cache [cHVibGlj] stored for 55 files
[debug] [2019-06-21T19:12:43.215Z] [hosting][hash queue][FINAL]
[debug] [2019-06-21T19:12:43.215Z] >>> HTTP REQUEST POST https://firebasehosting.googleapis.com/v1beta1/sites/luana-72d14/versions/63afb4f546ca8567:populateFiles  
 <request body omitted>
[debug] [2019-06-21T19:12:45.046Z] <<< HTTP RESPONSE 200
[debug] [2019-06-21T19:12:45.051Z] [hosting][populate queue][FINAL]
[debug] [2019-06-21T19:12:45.051Z] [hosting] uploads queued: 1
[debug] [2019-06-21T19:12:47.542Z] [hosting][upload queue][FINAL]
[info] ✔  hosting[luana-72d14]: file upload complete
[debug] [2019-06-21T19:12:47.544Z] [hosting] deploy completed after 4587ms
[debug] [2019-06-21T19:12:47.546Z] [
  {
    "config": {
      "public": "public",
      "ignore": [
        "firebase.json",
        "**/.*",
        "**/node_modules/**"
      ],
      "site": "luana-72d14"
    },
    "site": "luana-72d14",
    "version": "sites/luana-72d14/versions/63afb4f546ca8567"
  }
]
[info] i  hosting[luana-72d14]: finalizing version...
[debug] [2019-06-21T19:12:47.547Z] >>> HTTP REQUEST PATCH https://firebasehosting.googleapis.com/v1beta1/sites/luana-72d14/versions/63afb4f546ca8567?updateMask=status  

[debug] [2019-06-21T19:12:48.633Z] <<< HTTP RESPONSE 200
[debug] [2019-06-21T19:12:48.635Z] [hosting] finalized version for luana-72d14:
[info] ✔  hosting[luana-72d14]: version finalized
[info] i  hosting[luana-72d14]: releasing new version...
[debug] [2019-06-21T19:12:48.637Z] >>> HTTP REQUEST POST https://firebasehosting.googleapis.com/v1beta1/sites/luana-72d14/releases?version_name=sites/luana-72d14/versions/63afb4f546ca8567  

[debug] [2019-06-21T19:12:49.729Z] <<< HTTP RESPONSE 200
[debug] [2019-06-21T19:12:49.730Z] [hosting] release:
[info] ✔  hosting[luana-72d14]: release complete
[info] 
[info] ✔  Deploy complete!
[info] 
[info] Project Console: https://console.firebase.google.com/project/luana-72d14/overview
[info] Hosting URL: https://luana-72d14.firebaseapp.com
[debug] [2019-06-21T19:12:49.749Z] Error: ETXTBSY: text file is busy, unlink '/media/sf_Shared_Folder_Ubuntu_Main_18.04.2/Luana/public/firebase-debug.log'
    at Object.fs.unlinkSync (fs.js:1061:18)
    at process.<anonymous> (/usr/local/lib/node_modules/firebase-tools/lib/bin/firebase.js:68:12)
    at emitOne (events.js:121:20)
    at process.emit (events.js:211:7)
[debug] [2019-06-21T19:13:44.584Z] ----------------------------------------------------------------------
[debug] [2019-06-21T19:13:44.586Z] Command:       /usr/bin/node /usr/local/bin/firebase deploy
[debug] [2019-06-21T19:13:44.586Z] CLI Version:   7.0.0
[debug] [2019-06-21T19:13:44.586Z] Platform:      linux
[debug] [2019-06-21T19:13:44.586Z] Node Version:  v8.10.0
[debug] [2019-06-21T19:13:44.586Z] Time:          Fri Jun 21 2019 21:13:44 GMT+0200 (CEST)
[debug] [2019-06-21T19:13:44.586Z] ----------------------------------------------------------------------
[debug] 
[debug] [2019-06-21T19:13:44.596Z] > command requires scopes: ["email","openid","https://www.googleapis.com/auth/cloudplatformprojects.readonly","https://www.googleapis.com/auth/firebase","https://www.googleapis.com/auth/cloud-platform"]
[debug] [2019-06-21T19:13:44.596Z] > authorizing via signed-in user
[debug] [2019-06-21T19:13:44.596Z] [iam] checking project luana-72d14 for permissions ["firebase.projects.get","firebasehosting.sites.update"]
[debug] [2019-06-21T19:13:44.598Z] >>> HTTP REQUEST POST https://cloudresourcemanager.googleapis.com/v1/projects/luana-72d14:testIamPermissions  

[debug] [2019-06-21T19:13:45.728Z] <<< HTTP RESPONSE 200
[debug] [2019-06-21T19:13:45.732Z] >>> HTTP REQUEST GET https://firebase.googleapis.com/v1beta1/projects/luana-72d14  
 
[debug] [2019-06-21T19:13:46.126Z] <<< HTTP RESPONSE 200
[info] 
[info] === Deploying to 'luana-72d14'...
[info] 
[info] i  deploying hosting
[debug] [2019-06-21T19:13:46.134Z] >>> HTTP REQUEST POST https://firebasehosting.googleapis.com/v1beta1/sites/luana-72d14/versions  

[debug] [2019-06-21T19:13:47.767Z] <<< HTTP RESPONSE 200
[info] i  hosting[luana-72d14]: beginning deploy...
[info] i  hosting[luana-72d14]: found 56 files in public
[debug] [2019-06-21T19:13:47.835Z] [hosting] hash cache [cHVibGlj] load error: lines is not defined
[debug] [2019-06-21T19:13:48.016Z] [hosting] hash cache [cHVibGlj] stored for 56 files
[debug] [2019-06-21T19:13:48.016Z] [hosting][hash queue][FINAL]
[debug] [2019-06-21T19:13:48.016Z] >>> HTTP REQUEST POST https://firebasehosting.googleapis.com/v1beta1/sites/luana-72d14/versions/1fb6006ad4d7a0e6:populateFiles  
 <request body omitted>
[debug] [2019-06-21T19:13:50.188Z] <<< HTTP RESPONSE 200
[debug] [2019-06-21T19:13:50.189Z] [hosting][populate queue][FINAL]
[debug] [2019-06-21T19:13:50.189Z] [hosting] uploads queued: 0
[debug] [2019-06-21T19:13:50.190Z] [hosting][upload queue][FINAL]
[info] ✔  hosting[luana-72d14]: file upload complete
[debug] [2019-06-21T19:13:50.190Z] [hosting] deploy completed after 2421ms
[debug] [2019-06-21T19:13:50.191Z] [
  {
    "config": {
      "public": "public",
      "ignore": [
        "firebase.json",
        "**/.*",
        "**/node_modules/**"
      ],
      "site": "luana-72d14"
    },
    "site": "luana-72d14",
    "version": "sites/luana-72d14/versions/1fb6006ad4d7a0e6"
  }
]
[info] i  hosting[luana-72d14]: finalizing version...
[debug] [2019-06-21T19:13:50.192Z] >>> HTTP REQUEST PATCH https://firebasehosting.googleapis.com/v1beta1/sites/luana-72d14/versions/1fb6006ad4d7a0e6?updateMask=status  

[debug] [2019-06-21T19:13:51.520Z] <<< HTTP RESPONSE 200
[debug] [2019-06-21T19:13:51.521Z] [hosting] finalized version for luana-72d14:
[info] ✔  hosting[luana-72d14]: version finalized
[info] i  hosting[luana-72d14]: releasing new version...
[debug] [2019-06-21T19:13:51.523Z] >>> HTTP REQUEST POST https://firebasehosting.googleapis.com/v1beta1/sites/luana-72d14/releases?version_name=sites/luana-72d14/versions/1fb6006ad4d7a0e6  

[debug] [2019-06-21T19:13:52.803Z] <<< HTTP RESPONSE 200
[debug] [2019-06-21T19:13:52.804Z] [hosting] release:
[info] ✔  hosting[luana-72d14]: release complete
[info] 
[info] ✔  Deploy complete!
[info] 
[info] Project Console: https://console.firebase.google.com/project/luana-72d14/overview
[info] Hosting URL: https://luana-72d14.firebaseapp.com
[debug] [2019-06-21T19:13:52.819Z] Error: ETXTBSY: text file is busy, unlink '/media/sf_Shared_Folder_Ubuntu_Main_18.04.2/Luana/public/firebase-debug.log'
    at Object.fs.unlinkSync (fs.js:1061:18)
    at process.<anonymous> (/usr/local/lib/node_modules/firebase-tools/lib/bin/firebase.js:68:12)
    at emitOne (events.js:121:20)
    at process.emit (events.js:211:7)
[debug] [2019-06-21T19:16:00.835Z] ----------------------------------------------------------------------
[debug] [2019-06-21T19:16:00.837Z] Command:       /usr/bin/node /usr/local/bin/firebase deploy
[debug] [2019-06-21T19:16:00.838Z] CLI Version:   7.0.0
[debug] [2019-06-21T19:16:00.838Z] Platform:      linux
[debug] [2019-06-21T19:16:00.838Z] Node Version:  v8.10.0
[debug] [2019-06-21T19:16:00.838Z] Time:          Fri Jun 21 2019 21:16:00 GMT+0200 (CEST)
[debug] [2019-06-21T19:16:00.838Z] ----------------------------------------------------------------------
[debug] 
[debug] [2019-06-21T19:16:00.848Z] > command requires scopes: ["email","openid","https://www.googleapis.com/auth/cloudplatformprojects.readonly","https://www.googleapis.com/auth/firebase","https://www.googleapis.com/auth/cloud-platform"]
[debug] [2019-06-21T19:16:00.849Z] > authorizing via signed-in user
[debug] [2019-06-21T19:16:00.849Z] [iam] checking project luana-72d14 for permissions ["firebase.projects.get","firebasehosting.sites.update"]
[debug] [2019-06-21T19:16:00.850Z] > refreshing access token with scopes: ["email","https://www.googleapis.com/auth/cloud-platform","https://www.googleapis.com/auth/cloudplatformprojects.readonly","https://www.googleapis.com/auth/firebase","openid"]
[debug] [2019-06-21T19:16:00.850Z] >>> HTTP REQUEST POST https://www.googleapis.com/oauth2/v3/token  
 <request body omitted>
[debug] [2019-06-21T19:16:01.230Z] <<< HTTP RESPONSE 200
[debug] [2019-06-21T19:16:01.235Z] >>> HTTP REQUEST POST https://cloudresourcemanager.googleapis.com/v1/projects/luana-72d14:testIamPermissions  

[debug] [2019-06-21T19:16:02.142Z] <<< HTTP RESPONSE 200
[debug] [2019-06-21T19:16:02.150Z] >>> HTTP REQUEST GET https://firebase.googleapis.com/v1beta1/projects/luana-72d14  
 
[debug] [2019-06-21T19:16:02.491Z] <<< HTTP RESPONSE 200
[info] 
[info] === Deploying to 'luana-72d14'...
[info] 
[info] i  deploying hosting
[debug] [2019-06-21T19:16:02.505Z] >>> HTTP REQUEST POST https://firebasehosting.googleapis.com/v1beta1/sites/luana-72d14/versions  

[debug] [2019-06-21T19:16:03.959Z] <<< HTTP RESPONSE 200
[info] i  hosting[luana-72d14]: beginning deploy...
[info] i  hosting[luana-72d14]: found 56 files in public
[debug] [2019-06-21T19:16:04.012Z] [hosting] hash cache [cHVibGlj] load error: lines is not defined
[debug] [2019-06-21T19:16:04.183Z] [hosting] hash cache [cHVibGlj] stored for 56 files
[debug] [2019-06-21T19:16:04.183Z] [hosting][hash queue][FINAL]
[debug] [2019-06-21T19:16:04.183Z] >>> HTTP REQUEST POST https://firebasehosting.googleapis.com/v1beta1/sites/luana-72d14/versions/5d8ed47399309b73:populateFiles  
 <request body omitted>
[debug] [2019-06-21T19:16:05.948Z] <<< HTTP RESPONSE 200
[debug] [2019-06-21T19:16:05.952Z] [hosting][populate queue][FINAL]
[debug] [2019-06-21T19:16:05.952Z] [hosting] uploads queued: 1
[debug] [2019-06-21T19:16:08.432Z] [hosting][upload queue][FINAL]
[info] ✔  hosting[luana-72d14]: file upload complete
[debug] [2019-06-21T19:16:08.433Z] [hosting] deploy completed after 4473ms
[debug] [2019-06-21T19:16:08.434Z] [
  {
    "config": {
      "public": "public",
      "ignore": [
        "firebase.json",
        "**/.*",
        "**/node_modules/**"
      ],
      "site": "luana-72d14"
    },
    "site": "luana-72d14",
    "version": "sites/luana-72d14/versions/5d8ed47399309b73"
  }
]
[info] i  hosting[luana-72d14]: finalizing version...
[debug] [2019-06-21T19:16:08.434Z] >>> HTTP REQUEST PATCH https://firebasehosting.googleapis.com/v1beta1/sites/luana-72d14/versions/5d8ed47399309b73?updateMask=status  

[debug] [2019-06-21T19:16:09.529Z] <<< HTTP RESPONSE 200
[debug] [2019-06-21T19:16:09.531Z] [hosting] finalized version for luana-72d14:
[info] ✔  hosting[luana-72d14]: version finalized
[info] i  hosting[luana-72d14]: releasing new version...
[debug] [2019-06-21T19:16:09.532Z] >>> HTTP REQUEST POST https://firebasehosting.googleapis.com/v1beta1/sites/luana-72d14/releases?version_name=sites/luana-72d14/versions/5d8ed47399309b73  

[debug] [2019-06-21T19:16:10.583Z] <<< HTTP RESPONSE 200
[debug] [2019-06-21T19:16:10.584Z] [hosting] release:
[info] ✔  hosting[luana-72d14]: release complete
[info] 
[info] ✔  Deploy complete!
[info] 
[info] Project Console: https://console.firebase.google.com/project/luana-72d14/overview
[info] Hosting URL: https://luana-72d14.firebaseapp.com
[debug] [2019-06-21T19:16:10.604Z] Error: ETXTBSY: text file is busy, unlink '/media/sf_Shared_Folder_Ubuntu_Main_18.04.2/Luana/public/firebase-debug.log'
    at Object.fs.unlinkSync (fs.js:1061:18)
    at process.<anonymous> (/usr/local/lib/node_modules/firebase-tools/lib/bin/firebase.js:68:12)
    at emitOne (events.js:121:20)
    at process.emit (events.js:211:7)
[debug] [2019-06-21T19:18:53.466Z] ----------------------------------------------------------------------
[debug] [2019-06-21T19:18:53.468Z] Command:       /usr/bin/node /usr/local/bin/firebase deploy
[debug] [2019-06-21T19:18:53.468Z] CLI Version:   7.0.0
[debug] [2019-06-21T19:18:53.468Z] Platform:      linux
[debug] [2019-06-21T19:18:53.468Z] Node Version:  v8.10.0
[debug] [2019-06-21T19:18:53.468Z] Time:          Fri Jun 21 2019 21:18:53 GMT+0200 (CEST)
[debug] [2019-06-21T19:18:53.468Z] ----------------------------------------------------------------------
[debug] 
[debug] [2019-06-21T19:18:53.478Z] > command requires scopes: ["email","openid","https://www.googleapis.com/auth/cloudplatformprojects.readonly","https://www.googleapis.com/auth/firebase","https://www.googleapis.com/auth/cloud-platform"]
[debug] [2019-06-21T19:18:53.479Z] > authorizing via signed-in user
[debug] [2019-06-21T19:18:53.479Z] [iam] checking project luana-72d14 for permissions ["firebase.projects.get","firebasehosting.sites.update"]
[debug] [2019-06-21T19:18:53.480Z] >>> HTTP REQUEST POST https://cloudresourcemanager.googleapis.com/v1/projects/luana-72d14:testIamPermissions  

[debug] [2019-06-21T19:18:54.441Z] <<< HTTP RESPONSE 200
[debug] [2019-06-21T19:18:54.451Z] >>> HTTP REQUEST GET https://firebase.googleapis.com/v1beta1/projects/luana-72d14  
 
[debug] [2019-06-21T19:18:54.793Z] <<< HTTP RESPONSE 200
[info] 
[info] === Deploying to 'luana-72d14'...
[info] 
[info] i  deploying hosting
[debug] [2019-06-21T19:18:54.813Z] >>> HTTP REQUEST POST https://firebasehosting.googleapis.com/v1beta1/sites/luana-72d14/versions  

[debug] [2019-06-21T19:18:56.244Z] <<< HTTP RESPONSE 200
[info] i  hosting[luana-72d14]: beginning deploy...
[info] i  hosting[luana-72d14]: found 56 files in public
[debug] [2019-06-21T19:18:56.329Z] [hosting] hash cache [cHVibGlj] load error: lines is not defined
[debug] [2019-06-21T19:18:56.493Z] [hosting] hash cache [cHVibGlj] stored for 56 files
[debug] [2019-06-21T19:18:56.493Z] [hosting][hash queue][FINAL]
[debug] [2019-06-21T19:18:56.494Z] >>> HTTP REQUEST POST https://firebasehosting.googleapis.com/v1beta1/sites/luana-72d14/versions/2803d68a50ca5f0a:populateFiles  
 <request body omitted>
[debug] [2019-06-21T19:18:58.238Z] <<< HTTP RESPONSE 200
[debug] [2019-06-21T19:18:58.240Z] [hosting][populate queue][FINAL]
[debug] [2019-06-21T19:18:58.240Z] [hosting] uploads queued: 0
[debug] [2019-06-21T19:18:58.240Z] [hosting][upload queue][FINAL]
[info] ✔  hosting[luana-72d14]: file upload complete
[debug] [2019-06-21T19:18:58.242Z] [hosting] deploy completed after 1996ms
[debug] [2019-06-21T19:18:58.243Z] [
  {
    "config": {
      "public": "public",
      "ignore": [
        "firebase.json",
        "**/.*",
        "**/node_modules/**"
      ],
      "site": "luana-72d14"
    },
    "site": "luana-72d14",
    "version": "sites/luana-72d14/versions/2803d68a50ca5f0a"
  }
]
[info] i  hosting[luana-72d14]: finalizing version...
[debug] [2019-06-21T19:18:58.244Z] >>> HTTP REQUEST PATCH https://firebasehosting.googleapis.com/v1beta1/sites/luana-72d14/versions/2803d68a50ca5f0a?updateMask=status  

[debug] [2019-06-21T19:18:59.281Z] <<< HTTP RESPONSE 200
[debug] [2019-06-21T19:18:59.282Z] [hosting] finalized version for luana-72d14:
[info] ✔  hosting[luana-72d14]: version finalized
[info] i  hosting[luana-72d14]: releasing new version...
[debug] [2019-06-21T19:18:59.282Z] >>> HTTP REQUEST POST https://firebasehosting.googleapis.com/v1beta1/sites/luana-72d14/releases?version_name=sites/luana-72d14/versions/2803d68a50ca5f0a  

[debug] [2019-06-21T19:19:00.333Z] <<< HTTP RESPONSE 200
[debug] [2019-06-21T19:19:00.334Z] [hosting] release:
[info] ✔  hosting[luana-72d14]: release complete
[info] 
[info] ✔  Deploy complete!
[info] 
[info] Project Console: https://console.firebase.google.com/project/luana-72d14/overview
[info] Hosting URL: https://luana-72d14.firebaseapp.com
[debug] [2019-06-21T19:19:00.350Z] Error: ETXTBSY: text file is busy, unlink '/media/sf_Shared_Folder_Ubuntu_Main_18.04.2/Luana/public/firebase-debug.log'
    at Object.fs.unlinkSync (fs.js:1061:18)
    at process.<anonymous> (/usr/local/lib/node_modules/firebase-tools/lib/bin/firebase.js:68:12)
    at emitOne (events.js:121:20)
    at process.emit (events.js:211:7)
[debug] [2019-06-21T19:23:36.386Z] ----------------------------------------------------------------------
[debug] [2019-06-21T19:23:36.389Z] Command:       /usr/bin/node /usr/local/bin/firebase serve
[debug] [2019-06-21T19:23:36.389Z] CLI Version:   7.0.0
[debug] [2019-06-21T19:23:36.389Z] Platform:      linux
[debug] [2019-06-21T19:23:36.389Z] Node Version:  v8.10.0
[debug] [2019-06-21T19:23:36.389Z] Time:          Fri Jun 21 2019 21:23:36 GMT+0200 (CEST)
[debug] [2019-06-21T19:23:36.389Z] ----------------------------------------------------------------------
[debug] 
[debug] [2019-06-21T19:23:36.399Z] > command requires scopes: ["email","openid","https://www.googleapis.com/auth/cloudplatformprojects.readonly","https://www.googleapis.com/auth/firebase","https://www.googleapis.com/auth/cloud-platform"]
[debug] [2019-06-21T19:23:36.399Z] > authorizing via signed-in user
[debug] [2019-06-21T19:23:36.400Z] [iam] checking project luana-72d14 for permissions ["firebase.projects.get"]
[debug] [2019-06-21T19:23:36.401Z] >>> HTTP REQUEST POST https://cloudresourcemanager.googleapis.com/v1/projects/luana-72d14:testIamPermissions  

[debug] [2019-06-21T19:23:37.420Z] <<< HTTP RESPONSE 200
[debug] [2019-06-21T19:23:37.424Z] >>> HTTP REQUEST GET https://cloudresourcemanager.googleapis.com/v1/projects/luana-72d14  
 
[debug] [2019-06-21T19:23:38.433Z] <<< HTTP RESPONSE 200
[info] 
[info] === Serving from '/media/sf_Shared_Folder_Ubuntu_Main_18.04.2/Luana'...
[info] 
[debug] [2019-06-21T19:23:38.438Z] >>> HTTP REQUEST GET https://mobilesdk-pa.googleapis.com/v1/projects/708590523125/clients/_:getWebAppConfig  
 
[debug] [2019-06-21T19:23:38.942Z] <<< HTTP RESPONSE 200
[info] i  hosting: Serving hosting files from: public
[info] ✔  hosting: Local server: http://localhost:5000
[info] Shutting down...
[debug] [2019-06-21T19:24:21.935Z] Error: ETXTBSY: text file is busy, unlink '/media/sf_Shared_Folder_Ubuntu_Main_18.04.2/Luana/public/firebase-debug.log'
    at Object.fs.unlinkSync (fs.js:1061:18)
    at process.<anonymous> (/usr/local/lib/node_modules/firebase-tools/lib/bin/firebase.js:68:12)
    at emitOne (events.js:121:20)
    at process.emit (events.js:211:7)
[debug] [2019-06-21T19:24:24.457Z] ----------------------------------------------------------------------
[debug] [2019-06-21T19:24:24.460Z] Command:       /usr/bin/node /usr/local/bin/firebase deploy
[debug] [2019-06-21T19:24:24.460Z] CLI Version:   7.0.0
[debug] [2019-06-21T19:24:24.460Z] Platform:      linux
[debug] [2019-06-21T19:24:24.460Z] Node Version:  v8.10.0
[debug] [2019-06-21T19:24:24.460Z] Time:          Fri Jun 21 2019 21:24:24 GMT+0200 (CEST)
[debug] [2019-06-21T19:24:24.460Z] ----------------------------------------------------------------------
[debug] 
[debug] [2019-06-21T19:24:24.472Z] > command requires scopes: ["email","openid","https://www.googleapis.com/auth/cloudplatformprojects.readonly","https://www.googleapis.com/auth/firebase","https://www.googleapis.com/auth/cloud-platform"]
[debug] [2019-06-21T19:24:24.472Z] > authorizing via signed-in user
[debug] [2019-06-21T19:24:24.472Z] [iam] checking project luana-72d14 for permissions ["firebase.projects.get","firebasehosting.sites.update"]
[debug] [2019-06-21T19:24:24.473Z] >>> HTTP REQUEST POST https://cloudresourcemanager.googleapis.com/v1/projects/luana-72d14:testIamPermissions  

[debug] [2019-06-21T19:24:25.380Z] <<< HTTP RESPONSE 200
[debug] [2019-06-21T19:24:25.384Z] >>> HTTP REQUEST GET https://firebase.googleapis.com/v1beta1/projects/luana-72d14  
 
[debug] [2019-06-21T19:24:25.724Z] <<< HTTP RESPONSE 200
[info] 
[info] === Deploying to 'luana-72d14'...
[info] 
[info] i  deploying hosting
[debug] [2019-06-21T19:24:25.736Z] >>> HTTP REQUEST POST https://firebasehosting.googleapis.com/v1beta1/sites/luana-72d14/versions  

[debug] [2019-06-21T19:24:27.239Z] <<< HTTP RESPONSE 200
[info] i  hosting[luana-72d14]: beginning deploy...
[info] i  hosting[luana-72d14]: found 56 files in public
[debug] [2019-06-21T19:24:27.297Z] [hosting] hash cache [cHVibGlj] load error: lines is not defined
[debug] [2019-06-21T19:24:27.476Z] [hosting] hash cache [cHVibGlj] stored for 56 files
[debug] [2019-06-21T19:24:27.476Z] [hosting][hash queue][FINAL]
[debug] [2019-06-21T19:24:27.476Z] >>> HTTP REQUEST POST https://firebasehosting.googleapis.com/v1beta1/sites/luana-72d14/versions/80acfbd706168736:populateFiles  
 <request body omitted>
[debug] [2019-06-21T19:24:29.978Z] <<< HTTP RESPONSE 200
[debug] [2019-06-21T19:24:29.987Z] [hosting][populate queue][FINAL]
[debug] [2019-06-21T19:24:29.987Z] [hosting] uploads queued: 1
[debug] [2019-06-21T19:24:32.213Z] [hosting][upload queue][FINAL]
[info] ✔  hosting[luana-72d14]: file upload complete
[debug] [2019-06-21T19:24:32.215Z] [hosting] deploy completed after 4975ms
[debug] [2019-06-21T19:24:32.217Z] [
  {
    "config": {
      "public": "public",
      "ignore": [
        "firebase.json",
        "**/.*",
        "**/node_modules/**"
      ],
      "site": "luana-72d14"
    },
    "site": "luana-72d14",
    "version": "sites/luana-72d14/versions/80acfbd706168736"
  }
]
[info] i  hosting[luana-72d14]: finalizing version...
[debug] [2019-06-21T19:24:32.219Z] >>> HTTP REQUEST PATCH https://firebasehosting.googleapis.com/v1beta1/sites/luana-72d14/versions/80acfbd706168736?updateMask=status  

[debug] [2019-06-21T19:24:33.676Z] <<< HTTP RESPONSE 200
[debug] [2019-06-21T19:24:33.676Z] [hosting] finalized version for luana-72d14:
[info] ✔  hosting[luana-72d14]: version finalized
[info] i  hosting[luana-72d14]: releasing new version...
[debug] [2019-06-21T19:24:33.677Z] >>> HTTP REQUEST POST https://firebasehosting.googleapis.com/v1beta1/sites/luana-72d14/releases?version_name=sites/luana-72d14/versions/80acfbd706168736  

[debug] [2019-06-21T19:24:34.729Z] <<< HTTP RESPONSE 200
[debug] [2019-06-21T19:24:34.730Z] [hosting] release:
[info] ✔  hosting[luana-72d14]: release complete
[info] 
[info] ✔  Deploy complete!
[info] 
[info] Project Console: https://console.firebase.google.com/project/luana-72d14/overview
[info] Hosting URL: https://luana-72d14.firebaseapp.com
[debug] [2019-06-21T19:24:34.745Z] Error: ETXTBSY: text file is busy, unlink '/media/sf_Shared_Folder_Ubuntu_Main_18.04.2/Luana/public/firebase-debug.log'
    at Object.fs.unlinkSync (fs.js:1061:18)
    at process.<anonymous> (/usr/local/lib/node_modules/firebase-tools/lib/bin/firebase.js:68:12)
    at emitOne (events.js:121:20)
    at process.emit (events.js:211:7)
[debug] [2019-06-21T19:35:26.711Z] ----------------------------------------------------------------------
[debug] [2019-06-21T19:35:26.717Z] Command:       /usr/bin/node /usr/local/bin/firebase serve
[debug] [2019-06-21T19:35:26.717Z] CLI Version:   7.0.0
[debug] [2019-06-21T19:35:26.717Z] Platform:      linux
[debug] [2019-06-21T19:35:26.717Z] Node Version:  v8.10.0
[debug] [2019-06-21T19:35:26.717Z] Time:          Fri Jun 21 2019 21:35:26 GMT+0200 (CEST)
[debug] [2019-06-21T19:35:26.717Z] ----------------------------------------------------------------------
[debug] 
[debug] [2019-06-21T19:35:26.739Z] > command requires scopes: ["email","openid","https://www.googleapis.com/auth/cloudplatformprojects.readonly","https://www.googleapis.com/auth/firebase","https://www.googleapis.com/auth/cloud-platform"]
[debug] [2019-06-21T19:35:26.740Z] > authorizing via signed-in user
[debug] [2019-06-21T19:35:26.740Z] [iam] checking project luana-72d14 for permissions ["firebase.projects.get"]
[debug] [2019-06-21T19:35:26.741Z] >>> HTTP REQUEST POST https://cloudresourcemanager.googleapis.com/v1/projects/luana-72d14:testIamPermissions  

[debug] [2019-06-21T19:35:27.687Z] <<< HTTP RESPONSE 200
[debug] [2019-06-21T19:35:27.689Z] >>> HTTP REQUEST GET https://cloudresourcemanager.googleapis.com/v1/projects/luana-72d14  
 
[debug] [2019-06-21T19:35:28.544Z] <<< HTTP RESPONSE 200
[info] 
[info] === Serving from '/media/sf_Shared_Folder_Ubuntu_Main_18.04.2/Luana'...
[info] 
[debug] [2019-06-21T19:35:28.547Z] >>> HTTP REQUEST GET https://mobilesdk-pa.googleapis.com/v1/projects/708590523125/clients/_:getWebAppConfig  
 
[debug] [2019-06-21T19:35:28.969Z] <<< HTTP RESPONSE 200
[info] i  hosting: Serving hosting files from: public
[info] ✔  hosting: Local server: http://localhost:5000
[info] Shutting down...
[debug] [2019-06-21T19:37:07.878Z] Error: ETXTBSY: text file is busy, unlink '/media/sf_Shared_Folder_Ubuntu_Main_18.04.2/Luana/public/firebase-debug.log'
    at Object.fs.unlinkSync (fs.js:1061:18)
    at process.<anonymous> (/usr/local/lib/node_modules/firebase-tools/lib/bin/firebase.js:68:12)
    at emitOne (events.js:121:20)
    at process.emit (events.js:211:7)
[debug] [2019-06-21T19:37:10.408Z] ----------------------------------------------------------------------
[debug] [2019-06-21T19:37:10.409Z] Command:       /usr/bin/node /usr/local/bin/firebase serve
[debug] [2019-06-21T19:37:10.410Z] CLI Version:   7.0.0
[debug] [2019-06-21T19:37:10.410Z] Platform:      linux
[debug] [2019-06-21T19:37:10.410Z] Node Version:  v8.10.0
[debug] [2019-06-21T19:37:10.410Z] Time:          Fri Jun 21 2019 21:37:10 GMT+0200 (CEST)
[debug] [2019-06-21T19:37:10.410Z] ----------------------------------------------------------------------
[debug] 
[debug] [2019-06-21T19:37:10.420Z] > command requires scopes: ["email","openid","https://www.googleapis.com/auth/cloudplatformprojects.readonly","https://www.googleapis.com/auth/firebase","https://www.googleapis.com/auth/cloud-platform"]
[debug] [2019-06-21T19:37:10.420Z] > authorizing via signed-in user
[debug] [2019-06-21T19:37:10.420Z] [iam] checking project luana-72d14 for permissions ["firebase.projects.get"]
[debug] [2019-06-21T19:37:10.422Z] >>> HTTP REQUEST POST https://cloudresourcemanager.googleapis.com/v1/projects/luana-72d14:testIamPermissions  

[debug] [2019-06-21T19:37:11.364Z] <<< HTTP RESPONSE 200
[debug] [2019-06-21T19:37:11.365Z] >>> HTTP REQUEST GET https://cloudresourcemanager.googleapis.com/v1/projects/luana-72d14  
 
[debug] [2019-06-21T19:37:12.210Z] <<< HTTP RESPONSE 200
[info] 
[info] === Serving from '/media/sf_Shared_Folder_Ubuntu_Main_18.04.2/Luana'...
[info] 
[debug] [2019-06-21T19:37:12.212Z] >>> HTTP REQUEST GET https://mobilesdk-pa.googleapis.com/v1/projects/708590523125/clients/_:getWebAppConfig  
 
[debug] [2019-06-21T19:37:12.601Z] <<< HTTP RESPONSE 200
[info] i  hosting: Serving hosting files from: public
[info] ✔  hosting: Local server: http://localhost:5000
[info] Shutting down...
[debug] [2019-06-21T19:38:12.798Z] Error: ETXTBSY: text file is busy, unlink '/media/sf_Shared_Folder_Ubuntu_Main_18.04.2/Luana/public/firebase-debug.log'
    at Object.fs.unlinkSync (fs.js:1061:18)
    at process.<anonymous> (/usr/local/lib/node_modules/firebase-tools/lib/bin/firebase.js:68:12)
    at emitOne (events.js:121:20)
    at process.emit (events.js:211:7)
[debug] [2019-06-21T19:44:12.450Z] ----------------------------------------------------------------------
[debug] [2019-06-21T19:44:12.453Z] Command:       /usr/bin/node /usr/local/bin/firebase serve
[debug] [2019-06-21T19:44:12.453Z] CLI Version:   7.0.0
[debug] [2019-06-21T19:44:12.453Z] Platform:      linux
[debug] [2019-06-21T19:44:12.453Z] Node Version:  v8.10.0
[debug] [2019-06-21T19:44:12.453Z] Time:          Fri Jun 21 2019 21:44:12 GMT+0200 (CEST)
[debug] [2019-06-21T19:44:12.453Z] ----------------------------------------------------------------------
[debug] 
[debug] [2019-06-21T19:44:12.462Z] > command requires scopes: ["email","openid","https://www.googleapis.com/auth/cloudplatformprojects.readonly","https://www.googleapis.com/auth/firebase","https://www.googleapis.com/auth/cloud-platform"]
[debug] [2019-06-21T19:44:12.463Z] > authorizing via signed-in user
[debug] [2019-06-21T19:44:12.463Z] [iam] checking project luana-72d14 for permissions ["firebase.projects.get"]
[debug] [2019-06-21T19:44:12.464Z] >>> HTTP REQUEST POST https://cloudresourcemanager.googleapis.com/v1/projects/luana-72d14:testIamPermissions  

[debug] [2019-06-21T19:44:13.431Z] <<< HTTP RESPONSE 200
[debug] [2019-06-21T19:44:13.433Z] >>> HTTP REQUEST GET https://cloudresourcemanager.googleapis.com/v1/projects/luana-72d14  
 
[debug] [2019-06-21T19:44:14.279Z] <<< HTTP RESPONSE 200
[info] 
[info] === Serving from '/media/sf_Shared_Folder_Ubuntu_Main_18.04.2/Luana'...
[info] 
[debug] [2019-06-21T19:44:14.280Z] >>> HTTP REQUEST GET https://mobilesdk-pa.googleapis.com/v1/projects/708590523125/clients/_:getWebAppConfig  
 
[debug] [2019-06-21T19:44:14.702Z] <<< HTTP RESPONSE 200
[info] i  hosting: Serving hosting files from: public
[info] ✔  hosting: Local server: http://localhost:5000
[info] Shutting down...
[debug] [2019-06-21T19:45:03.303Z] Error: ETXTBSY: text file is busy, unlink '/media/sf_Shared_Folder_Ubuntu_Main_18.04.2/Luana/public/firebase-debug.log'
    at Object.fs.unlinkSync (fs.js:1061:18)
    at process.<anonymous> (/usr/local/lib/node_modules/firebase-tools/lib/bin/firebase.js:68:12)
    at emitOne (events.js:121:20)
    at process.emit (events.js:211:7)
[debug] [2019-06-21T19:45:07.183Z] ----------------------------------------------------------------------
[debug] [2019-06-21T19:45:07.184Z] Command:       /usr/bin/node /usr/local/bin/firebase deploy
[debug] [2019-06-21T19:45:07.185Z] CLI Version:   7.0.0
[debug] [2019-06-21T19:45:07.185Z] Platform:      linux
[debug] [2019-06-21T19:45:07.185Z] Node Version:  v8.10.0
[debug] [2019-06-21T19:45:07.185Z] Time:          Fri Jun 21 2019 21:45:07 GMT+0200 (CEST)
[debug] [2019-06-21T19:45:07.185Z] ----------------------------------------------------------------------
[debug] 
[debug] [2019-06-21T19:45:07.195Z] > command requires scopes: ["email","openid","https://www.googleapis.com/auth/cloudplatformprojects.readonly","https://www.googleapis.com/auth/firebase","https://www.googleapis.com/auth/cloud-platform"]
[debug] [2019-06-21T19:45:07.195Z] > authorizing via signed-in user
[debug] [2019-06-21T19:45:07.195Z] [iam] checking project luana-72d14 for permissions ["firebase.projects.get","firebasehosting.sites.update"]
[debug] [2019-06-21T19:45:07.197Z] >>> HTTP REQUEST POST https://cloudresourcemanager.googleapis.com/v1/projects/luana-72d14:testIamPermissions  

[debug] [2019-06-21T19:45:08.107Z] <<< HTTP RESPONSE 200
[debug] [2019-06-21T19:45:08.108Z] >>> HTTP REQUEST GET https://firebase.googleapis.com/v1beta1/projects/luana-72d14  
 
[debug] [2019-06-21T19:45:08.544Z] <<< HTTP RESPONSE 200
[info] 
[info] === Deploying to 'luana-72d14'...
[info] 
[info] i  deploying hosting
[debug] [2019-06-21T19:45:08.551Z] >>> HTTP REQUEST POST https://firebasehosting.googleapis.com/v1beta1/sites/luana-72d14/versions  

[debug] [2019-06-21T19:45:10.053Z] <<< HTTP RESPONSE 200
[info] i  hosting[luana-72d14]: beginning deploy...
[info] i  hosting[luana-72d14]: found 56 files in public
[debug] [2019-06-21T19:45:10.220Z] [hosting] hash cache [cHVibGlj] load error: lines is not defined
[debug] [2019-06-21T19:45:10.598Z] [hosting] hash cache [cHVibGlj] stored for 56 files
[debug] [2019-06-21T19:45:10.598Z] [hosting][hash queue][FINAL]
[debug] [2019-06-21T19:45:10.598Z] >>> HTTP REQUEST POST https://firebasehosting.googleapis.com/v1beta1/sites/luana-72d14/versions/460d394ec698881f:populateFiles  
 <request body omitted>
[debug] [2019-06-21T19:45:12.349Z] <<< HTTP RESPONSE 200
[debug] [2019-06-21T19:45:12.354Z] [hosting][populate queue][FINAL]
[debug] [2019-06-21T19:45:12.355Z] [hosting] uploads queued: 6
[debug] [2019-06-21T19:45:15.424Z] [hosting][upload queue][FINAL]
[info] ✔  hosting[luana-72d14]: file upload complete
[debug] [2019-06-21T19:45:15.425Z] [hosting] deploy completed after 5370ms
[debug] [2019-06-21T19:45:15.425Z] [
  {
    "config": {
      "public": "public",
      "ignore": [
        "firebase.json",
        "**/.*",
        "**/node_modules/**"
      ],
      "site": "luana-72d14"
    },
    "site": "luana-72d14",
    "version": "sites/luana-72d14/versions/460d394ec698881f"
  }
]
[info] i  hosting[luana-72d14]: finalizing version...
[debug] [2019-06-21T19:45:15.426Z] >>> HTTP REQUEST PATCH https://firebasehosting.googleapis.com/v1beta1/sites/luana-72d14/versions/460d394ec698881f?updateMask=status  

[debug] [2019-06-21T19:45:16.484Z] <<< HTTP RESPONSE 200
[debug] [2019-06-21T19:45:16.485Z] [hosting] finalized version for luana-72d14:
[info] ✔  hosting[luana-72d14]: version finalized
[info] i  hosting[luana-72d14]: releasing new version...
[debug] [2019-06-21T19:45:16.485Z] >>> HTTP REQUEST POST https://firebasehosting.googleapis.com/v1beta1/sites/luana-72d14/releases?version_name=sites/luana-72d14/versions/460d394ec698881f  

[debug] [2019-06-21T19:45:17.540Z] <<< HTTP RESPONSE 200
[debug] [2019-06-21T19:45:17.540Z] [hosting] release:
[info] ✔  hosting[luana-72d14]: release complete
[info] 
[info] ✔  Deploy complete!
[info] 
[info] Project Console: https://console.firebase.google.com/project/luana-72d14/overview
[info] Hosting URL: https://luana-72d14.firebaseapp.com
[debug] [2019-06-21T19:45:17.546Z] Error: ETXTBSY: text file is busy, unlink '/media/sf_Shared_Folder_Ubuntu_Main_18.04.2/Luana/public/firebase-debug.log'
    at Object.fs.unlinkSync (fs.js:1061:18)
    at process.<anonymous> (/usr/local/lib/node_modules/firebase-tools/lib/bin/firebase.js:68:12)
    at emitOne (events.js:121:20)
    at process.emit (events.js:211:7)
